{"contracts/FAVE.sol":{"l":{"22":3,"23":1,"35":1,"36":1,"37":1,"38":1,"60":1,"70":2,"82":2,"83":2,"84":2,"98":1,"99":1,"100":1,"101":1,"115":3,"116":3,"117":3,"118":3,"128":1,"142":2,"153":2,"174":1,"191":3,"192":3,"193":3,"194":3,"211":2,"218":7},"path":"/home/balajishettypachai/Desktop/github.com/balajipachai/favecoin-sc/contracts/FAVE.sol","s":{"1":3,"2":1,"3":1,"4":1,"5":1,"6":1,"7":2,"8":2,"9":2,"10":2,"11":1,"12":1,"13":1,"14":1,"15":3,"16":3,"17":3,"18":3,"19":1,"20":2,"21":2,"22":1,"23":3,"24":3,"25":3,"26":3,"27":2,"28":7},"b":{"1":[1,2],"2":[1,0],"3":[1,0]},"f":{"1":3,"2":1,"3":0,"4":1,"5":2,"6":2,"7":1,"8":3,"9":1,"10":2,"11":2,"12":1,"13":3,"14":2,"15":7},"fnMap":{"1":{"name":"onlyProject","line":21,"loc":{"start":{"line":21,"column":4},"end":{"line":24,"column":4}}},"2":{"name":"constructor","line":33,"loc":{"start":{"line":32,"column":4},"end":{"line":39,"column":4}}},"3":{"name":null,"line":48,"loc":{"start":{"line":48,"column":4},"end":{"line":48,"column":33}}},"4":{"name":"transferWithoutFeeDeduction","line":58,"loc":{"start":{"line":56,"column":4},"end":{"line":61,"column":4}}},"5":{"name":"updateDecimals","line":69,"loc":{"start":{"line":69,"column":4},"end":{"line":71,"column":4}}},"6":{"name":"updateFee","line":81,"loc":{"start":{"line":81,"column":4},"end":{"line":85,"column":4}}},"7":{"name":"burn","line":96,"loc":{"start":{"line":96,"column":4},"end":{"line":102,"column":4}}},"8":{"name":"mint","line":113,"loc":{"start":{"line":113,"column":4},"end":{"line":119,"column":4}}},"9":{"name":"withdrawAll","line":127,"loc":{"start":{"line":127,"column":4},"end":{"line":132,"column":4}}},"10":{"name":"pause","line":141,"loc":{"start":{"line":141,"column":4},"end":{"line":143,"column":4}}},"11":{"name":"unpause","line":152,"loc":{"start":{"line":152,"column":4},"end":{"line":154,"column":4}}},"12":{"name":"transferFrom","line":169,"loc":{"start":{"line":169,"column":4},"end":{"line":175,"column":4}}},"13":{"name":"transfer","line":185,"loc":{"start":{"line":185,"column":4},"end":{"line":195,"column":4}}},"14":{"name":"decimals","line":210,"loc":{"start":{"line":210,"column":4},"end":{"line":212,"column":4}}},"15":{"name":"calculateFee","line":217,"loc":{"start":{"line":217,"column":4},"end":{"line":219,"column":4}}}},"statementMap":{"1":{"start":{"line":22,"column":8},"end":{"line":22,"column":62}},"2":{"start":{"line":35,"column":8},"end":{"line":35,"column":73}},"3":{"start":{"line":36,"column":8},"end":{"line":36,"column":24}},"4":{"start":{"line":37,"column":8},"end":{"line":37,"column":25}},"5":{"start":{"line":38,"column":8},"end":{"line":38,"column":45}},"6":{"start":{"line":60,"column":8},"end":{"line":60,"column":40}},"7":{"start":{"line":70,"column":8},"end":{"line":70,"column":35}},"8":{"start":{"line":82,"column":8},"end":{"line":82,"column":35}},"9":{"start":{"line":83,"column":8},"end":{"line":83,"column":27}},"10":{"start":{"line":84,"column":8},"end":{"line":84,"column":43}},"11":{"start":{"line":98,"column":8},"end":{"line":98,"column":42}},"12":{"start":{"line":99,"column":8},"end":{"line":99,"column":20}},"13":{"start":{"line":100,"column":8},"end":{"line":100,"column":35}},"14":{"start":{"line":101,"column":8},"end":{"line":101,"column":29}},"15":{"start":{"line":115,"column":8},"end":{"line":115,"column":42}},"16":{"start":{"line":116,"column":8},"end":{"line":116,"column":20}},"17":{"start":{"line":117,"column":8},"end":{"line":117,"column":35}},"18":{"start":{"line":118,"column":8},"end":{"line":118,"column":29}},"19":{"start":{"line":128,"column":8},"end":{"line":128,"column":3996}},"20":{"start":{"line":142,"column":8},"end":{"line":142,"column":15}},"21":{"start":{"line":153,"column":8},"end":{"line":153,"column":17}},"22":{"start":{"line":174,"column":8},"end":{"line":174,"column":42}},"23":{"start":{"line":191,"column":8},"end":{"line":191,"column":42}},"24":{"start":{"line":192,"column":8},"end":{"line":192,"column":20}},"25":{"start":{"line":193,"column":8},"end":{"line":193,"column":35}},"26":{"start":{"line":194,"column":8},"end":{"line":194,"column":48}},"27":{"start":{"line":211,"column":8},"end":{"line":211,"column":28}},"28":{"start":{"line":218,"column":8},"end":{"line":218,"column":56}}},"branchMap":{"1":{"line":22,"type":"if","locations":[{"start":{"line":22,"column":8},"end":{"line":22,"column":8}},{"start":{"line":22,"column":8},"end":{"line":22,"column":8}}]},"2":{"line":35,"type":"if","locations":[{"start":{"line":35,"column":8},"end":{"line":35,"column":8}},{"start":{"line":35,"column":8},"end":{"line":35,"column":8}}]},"3":{"line":128,"type":"if","locations":[{"start":{"line":128,"column":8},"end":{"line":128,"column":8}},{"start":{"line":128,"column":8},"end":{"line":128,"column":8}}]}}}}