TN:
SF:/home/balajishettypachai/Desktop/github.com/balajipachai/favecoin-sc/contracts/FAVE.sol
FN:21,onlyProject
FN:33,constructor
FN:48,
FN:58,transferWithoutFeeDeduction
FN:69,updateDecimals
FN:81,updateFee
FN:96,burn
FN:113,mint
FN:127,withdrawAll
FN:141,pause
FN:152,unpause
FN:169,transferFrom
FN:185,transfer
FN:210,decimals
FN:217,calculateFee
FNF:15
FNH:14
FNDA:3,onlyProject
FNDA:1,constructor
FNDA:0,
FNDA:1,transferWithoutFeeDeduction
FNDA:2,updateDecimals
FNDA:2,updateFee
FNDA:1,burn
FNDA:3,mint
FNDA:1,withdrawAll
FNDA:2,pause
FNDA:2,unpause
FNDA:1,transferFrom
FNDA:3,transfer
FNDA:2,decimals
FNDA:7,calculateFee
DA:22,3
DA:23,1
DA:35,1
DA:36,1
DA:37,1
DA:38,1
DA:60,1
DA:70,2
DA:82,2
DA:83,2
DA:84,2
DA:98,1
DA:99,1
DA:100,1
DA:101,1
DA:115,3
DA:116,3
DA:117,3
DA:118,3
DA:128,1
DA:142,2
DA:153,2
DA:174,1
DA:191,3
DA:192,3
DA:193,3
DA:194,3
DA:211,2
DA:218,7
LF:29
LH:29
BRDA:22,1,0,1
BRDA:22,1,1,2
BRDA:35,2,0,1
BRDA:35,2,1,0
BRDA:128,3,0,1
BRDA:128,3,1,0
BRF:6
BRH:4
end_of_record
